Start testing: Apr 24 16:53 South Africa Standard Time
----------------------------------------------------------
Unable to find executable: tests_NOT_BUILT-b12d07c
1/1 Testing: tests_NOT_BUILT-b12d07c
1/1 Test: tests_NOT_BUILT-b12d07c
Command: ""
Directory: C:/Dev/KillApiConnect-Plus
"tests_NOT_BUILT-b12d07c" start time: 
Output:
----------------------------------------------------------
<end of output>
Test time =   0.00 sec
----------------------------------------------------------
Test Passed.
"tests_NOT_BUILT-b12d07c" end time: Apr 24 16:53 South Africa Standard Time
"tests_NOT_BUILT-b12d07c" time elapsed: 00:00:00
----------------------------------------------------------

End testing: Apr 24 16:53 South Africa Standard Time
