<?xml version="1.0" encoding="UTF-8"?>
<Site BuildName="(empty)"
	BuildStamp="20250426-1934-Experimental"
	Name="(empty)"
	Generator="ctest-4.0.1"
	CompilerName=""
	CompilerVersion=""
	OSName="Windows"
	Hostname="Satur9"
	OSRelease=" Professional"
	OSVersion=" (Build 22631)"
	OSPlatform="AMD64"
	Is64Bits="1"
	VendorString=""
	VendorID="Unknown Manufacturer"
	FamilyID="0"
	ModelID="0"
	ModelName=""
	ProcessorCacheSize="0"
	NumberOfLogicalCPU="16"
	NumberOfPhysicalCPU="8"
	TotalVirtualMemory="69537"
	TotalPhysicalMemory="65441"
	LogicalProcessorsPerPhysical="2"
	ProcessorClockFrequency="3593"
	>
	<Testing>
		<StartDateTime>Apr 26 22:10 South Africa Standard Time</StartDateTime>
		<StartTestTime>1745698233</StartTestTime>
		<TestList/>
		<EndDateTime>Apr 26 22:10 South Africa Standard Time</EndDateTime>
		<EndTestTime>1745698233</EndTestTime>
		<ElapsedMinutes>0</ElapsedMinutes>
	</Testing>
</Site>
